<?xml version="1.0" encoding="UTF-8"?>
<beans xmlns="http://www.springframework.org/schema/beans"
	xmlns:context="http://www.springframework.org/schema/context"
	xmlns:xsi="http://www.w3.org/2001/XMLSchema-instance" xmlns:p="http://www.springframework.org/schema/p"
	xmlns:aop="http://www.springframework.org/schema/aop" xmlns:tx="http://www.springframework.org/schema/tx"

	xsi:schemaLocation="http://www.springframework.org/schema/beans http://www.springframework.org/schema/beans/spring-beans-3.0.xsd
		http://www.springframework.org/schema/context http://www.springframework.org/schema/context/spring-context-3.0.xsd
       http://www.springframework.org/schema/aop http://www.springframework.org/schema/aop/spring-aop-3.0.xsd
       http://www.springframework.org/schema/tx http://www.springframework.org/schema/tx/spring-tx-3.0.xsd">

	<context:component-scan base-package="com.cognicap" />
	<context:annotation-config />
	
	<bean id="freemarkerConfig"
		class="org.springframework.web.servlet.view.freemarker.FreeMarkerConfigurer">
		<property name="templateLoaderPaths">
			<list>
				<value>classpath:/</value>
				<value>/</value>
			</list>
		</property>
		<property name="freemarkerVariables">
			<map>
				<entry key="xml_escape" value-ref="fmXmlEscape" />
				<entry key="html_escape" value-ref="fmHtmlEscape" />
			</map>
		</property>
		<property name="freemarkerSettings">
			<props>
				<prop key="auto_import">spring.ftl as spring</prop>
			</props>
		</property>
	</bean>

	<bean id="fmXmlEscape" class="freemarker.template.utility.XmlEscape" />
	<bean id="fmHtmlEscape" class="freemarker.template.utility.HtmlEscape" />

	<bean id="viewResolver"
		class="org.springframework.web.servlet.view.freemarker.FreeMarkerViewResolver">
		<property name="cache" value="true" />
		<property name="prefix" value="" />
		<property name="suffix" value=".ftl" />

		<!-- Using Spring FreeMarker macros -->
		<property name="exposeSpringMacroHelpers" value="true" />
	</bean>

	<bean
		class="org.springframework.beans.factory.config.MethodInvokingFactoryBean">
		<property name="targetObject">
			<ref local="registrationNotifier" />
		</property>
		<property name="targetMethod" value="addObserver" />
		<property name="arguments">
			<list>
				<ref bean="registrationEmailNotification" />
			</list>
		</property>
	</bean>

	<bean id="registrationNotifier"
		class="com.cognicap.codemy.core.framework.notifications.RegistrationNotifier">
	</bean>

	<bean id="registrationEmailNotification"
		class="com.cognicap.codemy.core.framework.notifications.RegistrationEmailNotification">
		<property name="mailingConfiguration" ref="mailingConfiguration" />
	</bean>

	<bean id="mailingConfiguration" class="com.cognicap.codemy.core.framework.MailingConfiguration">
		<property name="host" value="${mail.host}" />
		<property name="username" value="${mail.username}" />
		<property name="password" value="${mail.password}" />
		<property name="from" value="${mail.from}" />
		<property name="to" value="${mail.to}" />
		<property name="protocol" value="${mail.transport.protocol}" />
		<property name="auth" value="${mail.smtps.auth}" />
		<property name="port" value="${mail.smtps.port}" />
	</bean>

	<bean id="registration" class="com.cognicap.codemy.core.framework.Registration">
		<property name="nom" value="Top" />
		<property name="prenom" value="Student" />
		<property name="email" value="hello@top.com" />
		<property name="mobile" value="069993993" />
		<property name="compagnie" value="Coolcie" />
		<property name="ville" value="Rabat" />
		<property name="cours" value="SL-275" />
		<property name="niveau" value="Intermediaire" />
		<property name="referrant" value="Google" />
	</bean>

	<bean id="propertyConfigurer"
		class="org.springframework.beans.factory.config.PropertyPlaceholderConfigurer">
		<property name="locations">
			<list>
				<value>classpath:mail.properties</value>
			</list>
		</property>
	</bean>
</beans>